2015-04-21_00:55:42.011 [main] DEBUG org.hibernate.type.BasicTypeRegistry -
				Adding type registration boolean -> org.hibernate.type.BooleanType@3c1d635a
2015-04-21_00:55:42.016 [main] DEBUG org.hibernate.type.BasicTypeRegistry -
				Adding type registration boolean -> org.hibernate.type.BooleanType@3c1d635a
2015-04-21_00:55:42.017 [main] DEBUG org.hibernate.type.BasicTypeRegistry -
				Adding type registration java.lang.Boolean -> org.hibernate.type.BooleanType@3c1d635a
2015-04-21_00:55:42.019 [main] DEBUG org.hibernate.type.BasicTypeRegistry -
				Adding type registration numeric_boolean -> org.hibernate.type.NumericBooleanType@2a803365
2015-04-21_00:55:42.021 [main] DEBUG org.hibernate.type.BasicTypeRegistry -
				Adding type registration true_false -> org.hibernate.type.TrueFalseType@774fd0b4
2015-04-21_00:55:42.022 [main] DEBUG org.hibernate.type.BasicTypeRegistry -
				Adding type registration yes_no -> org.hibernate.type.YesNoType@423cdbec
2015-04-21_00:55:42.037 [main] DEBUG org.hibernate.type.BasicTypeRegistry -
				Adding type registration byte -> org.hibernate.type.ByteType@1131943f
2015-04-21_00:55:42.037 [main] DEBUG org.hibernate.type.BasicTypeRegistry -
				Adding type registration byte -> org.hibernate.type.ByteType@1131943f
2015-04-21_00:55:42.038 [main] DEBUG org.hibernate.type.BasicTypeRegistry -
				Adding type registration java.lang.Byte -> org.hibernate.type.ByteType@1131943f
2015-04-21_00:55:42.040 [main] DEBUG org.hibernate.type.BasicTypeRegistry -
				Adding type registration character -> org.hibernate.type.CharacterType@66116674
2015-04-21_00:55:42.040 [main] DEBUG org.hibernate.type.BasicTypeRegistry -
				Adding type registration char -> org.hibernate.type.CharacterType@66116674
2015-04-21_00:55:42.041 [main] DEBUG org.hibernate.type.BasicTypeRegistry -
				Adding type registration java.lang.Character -> org.hibernate.type.CharacterType@66116674
2015-04-21_00:55:42.045 [main] DEBUG org.hibernate.type.BasicTypeRegistry -
				Adding type registration short -> org.hibernate.type.ShortType@34e029ed
2015-04-21_00:55:42.045 [main] DEBUG org.hibernate.type.BasicTypeRegistry -
				Adding type registration short -> org.hibernate.type.ShortType@34e029ed
2015-04-21_00:55:42.045 [main] DEBUG org.hibernate.type.BasicTypeRegistry -
				Adding type registration java.lang.Short -> org.hibernate.type.ShortType@34e029ed
2015-04-21_00:55:42.051 [main] DEBUG org.hibernate.type.BasicTypeRegistry -
				Adding type registration integer -> org.hibernate.type.IntegerType@7281205b
2015-04-21_00:55:42.051 [main] DEBUG org.hibernate.type.BasicTypeRegistry -
				Adding type registration int -> org.hibernate.type.IntegerType@7281205b
2015-04-21_00:55:42.051 [main] DEBUG org.hibernate.type.BasicTypeRegistry -
				Adding type registration java.lang.Integer -> org.hibernate.type.IntegerType@7281205b
2015-04-21_00:55:42.054 [main] DEBUG org.hibernate.type.BasicTypeRegistry -
				Adding type registration long -> org.hibernate.type.LongType@62d67b4
2015-04-21_00:55:42.054 [main] DEBUG org.hibernate.type.BasicTypeRegistry -
				Adding type registration long -> org.hibernate.type.LongType@62d67b4
2015-04-21_00:55:42.054 [main] DEBUG org.hibernate.type.BasicTypeRegistry -
				Adding type registration java.lang.Long -> org.hibernate.type.LongType@62d67b4
2015-04-21_00:55:42.057 [main] DEBUG org.hibernate.type.BasicTypeRegistry -
				Adding type registration float -> org.hibernate.type.FloatType@63c8e097
2015-04-21_00:55:42.057 [main] DEBUG org.hibernate.type.BasicTypeRegistry -
				Adding type registration float -> org.hibernate.type.FloatType@63c8e097
2015-04-21_00:55:42.057 [main] DEBUG org.hibernate.type.BasicTypeRegistry -
				Adding type registration java.lang.Float -> org.hibernate.type.FloatType@63c8e097
2015-04-21_00:55:42.059 [main] DEBUG org.hibernate.type.BasicTypeRegistry -
				Adding type registration double -> org.hibernate.type.DoubleType@5ff2eca1
2015-04-21_00:55:42.060 [main] DEBUG org.hibernate.type.BasicTypeRegistry -
				Adding type registration double -> org.hibernate.type.DoubleType@5ff2eca1
2015-04-21_00:55:42.060 [main] DEBUG org.hibernate.type.BasicTypeRegistry -
				Adding type registration java.lang.Double -> org.hibernate.type.DoubleType@5ff2eca1
2015-04-21_00:55:42.063 [main] DEBUG org.hibernate.type.BasicTypeRegistry -
				Adding type registration big_decimal -> org.hibernate.type.BigDecimalType@3e9b69e6
2015-04-21_00:55:42.064 [main] DEBUG org.hibernate.type.BasicTypeRegistry -
				Adding type registration java.math.BigDecimal -> org.hibernate.type.BigDecimalType@3e9b69e6
2015-04-21_00:55:42.066 [main] DEBUG org.hibernate.type.BasicTypeRegistry -
				Adding type registration big_integer -> org.hibernate.type.BigIntegerType@4feb0640
2015-04-21_00:55:42.066 [main] DEBUG org.hibernate.type.BasicTypeRegistry -
				Adding type registration java.math.BigInteger -> org.hibernate.type.BigIntegerType@4feb0640
2015-04-21_00:55:42.067 [main] DEBUG org.hibernate.type.BasicTypeRegistry -
				Adding type registration string -> org.hibernate.type.StringType@1fc202e5
2015-04-21_00:55:42.068 [main] DEBUG org.hibernate.type.BasicTypeRegistry -
				Adding type registration java.lang.String -> org.hibernate.type.StringType@1fc202e5
2015-04-21_00:55:42.069 [main] DEBUG org.hibernate.type.BasicTypeRegistry -
				Adding type registration nstring -> org.hibernate.type.StringNVarcharType@7be27131
2015-04-21_00:55:42.071 [main] DEBUG org.hibernate.type.BasicTypeRegistry -
				Adding type registration ncharacter -> org.hibernate.type.CharacterNCharType@b101344
2015-04-21_00:55:42.072 [main] DEBUG org.hibernate.type.BasicTypeRegistry -
				Adding type registration url -> org.hibernate.type.UrlType@47fb58c9
2015-04-21_00:55:42.072 [main] DEBUG org.hibernate.type.BasicTypeRegistry -
				Adding type registration java.net.URL -> org.hibernate.type.UrlType@47fb58c9
2015-04-21_00:55:42.075 [main] DEBUG org.hibernate.type.BasicTypeRegistry -
				Adding type registration date -> org.hibernate.type.DateType@38135151
2015-04-21_00:55:42.075 [main] DEBUG org.hibernate.type.BasicTypeRegistry -
				Adding type registration java.sql.Date -> org.hibernate.type.DateType@38135151
2015-04-21_00:55:42.076 [main] DEBUG org.hibernate.type.BasicTypeRegistry -
				Adding type registration time -> org.hibernate.type.TimeType@f345237
2015-04-21_00:55:42.077 [main] DEBUG org.hibernate.type.BasicTypeRegistry -
				Adding type registration java.sql.Time -> org.hibernate.type.TimeType@f345237
2015-04-21_00:55:42.078 [main] DEBUG org.hibernate.type.BasicTypeRegistry -
				Adding type registration timestamp -> org.hibernate.type.TimestampType@73179714
2015-04-21_00:55:42.078 [main] DEBUG org.hibernate.type.BasicTypeRegistry -
				Adding type registration java.sql.Timestamp -> org.hibernate.type.TimestampType@73179714
2015-04-21_00:55:42.079 [main] DEBUG org.hibernate.type.BasicTypeRegistry -
				Adding type registration java.util.Date -> org.hibernate.type.TimestampType@73179714
2015-04-21_00:55:42.080 [main] DEBUG org.hibernate.type.BasicTypeRegistry -
				Adding type registration dbtimestamp -> org.hibernate.type.DbTimestampType@491238a0
2015-04-21_00:55:42.081 [main] DEBUG org.hibernate.type.BasicTypeRegistry -
				Adding type registration calendar -> org.hibernate.type.CalendarType@64874cc3
2015-04-21_00:55:42.081 [main] DEBUG org.hibernate.type.BasicTypeRegistry -
				Adding type registration java.util.Calendar -> org.hibernate.type.CalendarType@64874cc3
2015-04-21_00:55:42.082 [main] DEBUG org.hibernate.type.BasicTypeRegistry -
				Adding type registration java.util.GregorianCalendar -> org.hibernate.type.CalendarType@64874cc3
2015-04-21_00:55:42.083 [main] DEBUG org.hibernate.type.BasicTypeRegistry -
				Adding type registration calendar_date -> org.hibernate.type.CalendarDateType@77c63ba6
2015-04-21_00:55:42.084 [main] DEBUG org.hibernate.type.BasicTypeRegistry -
				Adding type registration locale -> org.hibernate.type.LocaleType@ae0d42a
2015-04-21_00:55:42.085 [main] DEBUG org.hibernate.type.BasicTypeRegistry -
				Adding type registration java.util.Locale -> org.hibernate.type.LocaleType@ae0d42a
2015-04-21_00:55:42.086 [main] DEBUG org.hibernate.type.BasicTypeRegistry -
				Adding type registration currency -> org.hibernate.type.CurrencyType@48cd7304
2015-04-21_00:55:42.087 [main] DEBUG org.hibernate.type.BasicTypeRegistry -
				Adding type registration java.util.Currency -> org.hibernate.type.CurrencyType@48cd7304
2015-04-21_00:55:42.088 [main] DEBUG org.hibernate.type.BasicTypeRegistry -
				Adding type registration timezone -> org.hibernate.type.TimeZoneType@21960050
2015-04-21_00:55:42.088 [main] DEBUG org.hibernate.type.BasicTypeRegistry -
				Adding type registration java.util.TimeZone -> org.hibernate.type.TimeZoneType@21960050
2015-04-21_00:55:42.089 [main] DEBUG org.hibernate.type.BasicTypeRegistry -
				Adding type registration class -> org.hibernate.type.ClassType@4c85a317
2015-04-21_00:55:42.089 [main] DEBUG org.hibernate.type.BasicTypeRegistry -
				Adding type registration java.lang.Class -> org.hibernate.type.ClassType@4c85a317
2015-04-21_00:55:42.091 [main] DEBUG org.hibernate.type.BasicTypeRegistry -
				Adding type registration uuid-binary -> org.hibernate.type.UUIDBinaryType@70b139c9
2015-04-21_00:55:42.091 [main] DEBUG org.hibernate.type.BasicTypeRegistry -
				Adding type registration java.util.UUID -> org.hibernate.type.UUIDBinaryType@70b139c9
2015-04-21_00:55:42.092 [main] DEBUG org.hibernate.type.BasicTypeRegistry -
				Adding type registration uuid-char -> org.hibernate.type.UUIDCharType@3fd072fc
2015-04-21_00:55:42.093 [main] DEBUG org.hibernate.type.BasicTypeRegistry -
				Adding type registration pg-uuid -> org.hibernate.type.PostgresUUIDType@60a79fbb
2015-04-21_00:55:42.094 [main] DEBUG org.hibernate.type.BasicTypeRegistry -
				Adding type registration binary -> org.hibernate.type.BinaryType@290a887e
2015-04-21_00:55:42.094 [main] DEBUG org.hibernate.type.BasicTypeRegistry -
				Adding type registration byte[] -> org.hibernate.type.BinaryType@290a887e
2015-04-21_00:55:42.094 [main] DEBUG org.hibernate.type.BasicTypeRegistry -
				Adding type registration [B -> org.hibernate.type.BinaryType@290a887e
2015-04-21_00:55:42.095 [main] DEBUG org.hibernate.type.BasicTypeRegistry -
				Adding type registration wrapper-binary -> org.hibernate.type.WrapperBinaryType@2db9ec6c
2015-04-21_00:55:42.096 [main] DEBUG org.hibernate.type.BasicTypeRegistry -
				Adding type registration Byte[] -> org.hibernate.type.WrapperBinaryType@2db9ec6c
2015-04-21_00:55:42.096 [main] DEBUG org.hibernate.type.BasicTypeRegistry -
				Adding type registration [Ljava.lang.Byte; -> org.hibernate.type.WrapperBinaryType@2db9ec6c
2015-04-21_00:55:42.097 [main] DEBUG org.hibernate.type.BasicTypeRegistry -
				Adding type registration image -> org.hibernate.type.ImageType@1995bf19
2015-04-21_00:55:42.098 [main] DEBUG org.hibernate.type.BasicTypeRegistry -
				Adding type registration characters -> org.hibernate.type.CharArrayType@30d497f9
2015-04-21_00:55:42.099 [main] DEBUG org.hibernate.type.BasicTypeRegistry -
				Adding type registration char[] -> org.hibernate.type.CharArrayType@30d497f9
2015-04-21_00:55:42.099 [main] DEBUG org.hibernate.type.BasicTypeRegistry -
				Adding type registration [C -> org.hibernate.type.CharArrayType@30d497f9
2015-04-21_00:55:42.100 [main] DEBUG org.hibernate.type.BasicTypeRegistry -
				Adding type registration wrapper-characters -> org.hibernate.type.CharacterArrayType@69eb763c
2015-04-21_00:55:42.101 [main] DEBUG org.hibernate.type.BasicTypeRegistry -
				Adding type registration [Ljava.lang.Character; -> org.hibernate.type.CharacterArrayType@69eb763c
2015-04-21_00:55:42.101 [main] DEBUG org.hibernate.type.BasicTypeRegistry -
				Adding type registration Character[] -> org.hibernate.type.CharacterArrayType@69eb763c
2015-04-21_00:55:42.102 [main] DEBUG org.hibernate.type.BasicTypeRegistry -
				Adding type registration text -> org.hibernate.type.TextType@f1c2137
2015-04-21_00:55:42.103 [main] DEBUG org.hibernate.type.BasicTypeRegistry -
				Adding type registration ntext -> org.hibernate.type.NTextType@62565cf8
2015-04-21_00:55:42.111 [main] DEBUG org.hibernate.type.BasicTypeRegistry -
				Adding type registration blob -> org.hibernate.type.BlobType@7064543b
2015-04-21_00:55:42.111 [main] DEBUG org.hibernate.type.BasicTypeRegistry -
				Adding type registration java.sql.Blob -> org.hibernate.type.BlobType@7064543b
2015-04-21_00:55:42.112 [main] DEBUG org.hibernate.type.BasicTypeRegistry -
				Adding type registration materialized_blob -> org.hibernate.type.MaterializedBlobType@5254e73f
2015-04-21_00:55:42.119 [main] DEBUG org.hibernate.type.BasicTypeRegistry -
				Adding type registration clob -> org.hibernate.type.ClobType@55c923e4
2015-04-21_00:55:42.119 [main] DEBUG org.hibernate.type.BasicTypeRegistry -
				Adding type registration java.sql.Clob -> org.hibernate.type.ClobType@55c923e4
2015-04-21_00:55:42.125 [main] DEBUG org.hibernate.type.BasicTypeRegistry -
				Adding type registration nclob -> org.hibernate.type.NClobType@67a524a7
2015-04-21_00:55:42.126 [main] DEBUG org.hibernate.type.BasicTypeRegistry -
				Adding type registration java.sql.NClob -> org.hibernate.type.NClobType@67a524a7
2015-04-21_00:55:42.127 [main] DEBUG org.hibernate.type.BasicTypeRegistry -
				Adding type registration materialized_clob -> org.hibernate.type.MaterializedClobType@463efb16
2015-04-21_00:55:42.128 [main] DEBUG org.hibernate.type.BasicTypeRegistry -
				Adding type registration materialized_nclob -> org.hibernate.type.MaterializedNClobType@3e1af961
2015-04-21_00:55:42.130 [main] DEBUG org.hibernate.type.BasicTypeRegistry -
				Adding type registration serializable -> org.hibernate.type.SerializableType@203f980d
2015-04-21_00:55:42.137 [main] DEBUG org.hibernate.type.BasicTypeRegistry -
				Adding type registration object -> org.hibernate.type.ObjectType@157fd320
2015-04-21_00:55:42.138 [main] DEBUG org.hibernate.type.BasicTypeRegistry -
				Adding type registration java.lang.Object -> org.hibernate.type.ObjectType@157fd320
2015-04-21_00:55:42.140 [main] DEBUG org.hibernate.type.BasicTypeRegistry -
				Adding type registration imm_date -> org.hibernate.type.AdaptedImmutableType@2b576367
2015-04-21_00:55:42.140 [main] DEBUG org.hibernate.type.BasicTypeRegistry -
				Adding type registration imm_time -> org.hibernate.type.AdaptedImmutableType@763f156b
2015-04-21_00:55:42.141 [main] DEBUG org.hibernate.type.BasicTypeRegistry -
				Adding type registration imm_timestamp -> org.hibernate.type.AdaptedImmutableType@27976073
2015-04-21_00:55:42.141 [main] DEBUG org.hibernate.type.BasicTypeRegistry -
				Adding type registration imm_dbtimestamp -> org.hibernate.type.AdaptedImmutableType@433d3253
2015-04-21_00:55:42.141 [main] DEBUG org.hibernate.type.BasicTypeRegistry -
				Adding type registration imm_calendar -> org.hibernate.type.AdaptedImmutableType@66b309a1
2015-04-21_00:55:42.141 [main] DEBUG org.hibernate.type.BasicTypeRegistry -
				Adding type registration imm_calendar_date -> org.hibernate.type.AdaptedImmutableType@743d5db3
2015-04-21_00:55:42.142 [main] DEBUG org.hibernate.type.BasicTypeRegistry -
				Adding type registration imm_binary -> org.hibernate.type.AdaptedImmutableType@68d2ce63
2015-04-21_00:55:42.142 [main] DEBUG org.hibernate.type.BasicTypeRegistry -
				Adding type registration imm_serializable -> org.hibernate.type.AdaptedImmutableType@67ebfb58
2015-04-21_00:55:42.173 [main] INFO  o.h.annotations.common.Version -
				HCANN000001: Hibernate Commons Annotations {4.0.2.Final}
2015-04-21_00:55:42.186 [main] INFO  org.hibernate.Version -
				HHH000412: Hibernate Core {4.2.10.Final}
2015-04-21_00:55:42.189 [main] INFO  org.hibernate.cfg.Environment -
				HHH000206: hibernate.properties not found
2015-04-21_00:55:42.192 [main] INFO  org.hibernate.cfg.Environment -
				HHH000021: Bytecode provider name : javassist
2015-04-21_00:55:42.214 [main] DEBUG o.h.i.f.i.DefaultIdentifierGeneratorFactory -
				Registering IdentifierGenerator strategy [uuid2] -> [org.hibernate.id.UUIDGenerator]
2015-04-21_00:55:42.215 [main] DEBUG o.h.i.f.i.DefaultIdentifierGeneratorFactory -
				Registering IdentifierGenerator strategy [guid] -> [org.hibernate.id.GUIDGenerator]
2015-04-21_00:55:42.216 [main] DEBUG o.h.i.f.i.DefaultIdentifierGeneratorFactory -
				Registering IdentifierGenerator strategy [uuid] -> [org.hibernate.id.UUIDHexGenerator]
2015-04-21_00:55:42.216 [main] DEBUG o.h.i.f.i.DefaultIdentifierGeneratorFactory -
				Registering IdentifierGenerator strategy [uuid.hex] -> [org.hibernate.id.UUIDHexGenerator]
2015-04-21_00:55:42.218 [main] DEBUG o.h.i.f.i.DefaultIdentifierGeneratorFactory -
				Registering IdentifierGenerator strategy [hilo] -> [org.hibernate.id.TableHiLoGenerator]
2015-04-21_00:55:42.219 [main] DEBUG o.h.i.f.i.DefaultIdentifierGeneratorFactory -
				Registering IdentifierGenerator strategy [assigned] -> [org.hibernate.id.Assigned]
2015-04-21_00:55:42.221 [main] DEBUG o.h.i.f.i.DefaultIdentifierGeneratorFactory -
				Registering IdentifierGenerator strategy [identity] -> [org.hibernate.id.IdentityGenerator]
2015-04-21_00:55:42.222 [main] DEBUG o.h.i.f.i.DefaultIdentifierGeneratorFactory -
				Registering IdentifierGenerator strategy [select] -> [org.hibernate.id.SelectGenerator]
2015-04-21_00:55:42.223 [main] DEBUG o.h.i.f.i.DefaultIdentifierGeneratorFactory -
				Registering IdentifierGenerator strategy [sequence] -> [org.hibernate.id.SequenceGenerator]
2015-04-21_00:55:42.224 [main] DEBUG o.h.i.f.i.DefaultIdentifierGeneratorFactory -
				Registering IdentifierGenerator strategy [seqhilo] -> [org.hibernate.id.SequenceHiLoGenerator]
2015-04-21_00:55:42.225 [main] DEBUG o.h.i.f.i.DefaultIdentifierGeneratorFactory -
				Registering IdentifierGenerator strategy [increment] -> [org.hibernate.id.IncrementGenerator]
2015-04-21_00:55:42.226 [main] DEBUG o.h.i.f.i.DefaultIdentifierGeneratorFactory -
				Registering IdentifierGenerator strategy [foreign] -> [org.hibernate.id.ForeignGenerator]
2015-04-21_00:55:42.226 [main] DEBUG o.h.i.f.i.DefaultIdentifierGeneratorFactory -
				Registering IdentifierGenerator strategy [sequence-identity] -> [org.hibernate.id.SequenceIdentityGenerator]
2015-04-21_00:55:42.227 [main] DEBUG o.h.i.f.i.DefaultIdentifierGeneratorFactory -
				Registering IdentifierGenerator strategy [enhanced-sequence] -> [org.hibernate.id.enhanced.SequenceStyleGenerator]
2015-04-21_00:55:42.228 [main] DEBUG o.h.i.f.i.DefaultIdentifierGeneratorFactory -
				Registering IdentifierGenerator strategy [enhanced-table] -> [org.hibernate.id.enhanced.TableGenerator]
2015-04-21_00:55:42.231 [main] INFO  org.hibernate.cfg.Configuration -
				HHH000043: Configuring from resource: /hibernate.cfg.xml
2015-04-21_00:55:42.231 [main] INFO  org.hibernate.cfg.Configuration -
				HHH000040: Configuration resource: /hibernate.cfg.xml
2015-04-21_00:55:42.270 [main] DEBUG o.h.i.util.xml.DTDEntityResolver -
				Trying to resolve system-id [classpath://org/hibernate/hibernate-configuration-3.0.dtd]
2015-04-21_00:55:42.270 [main] DEBUG o.h.i.util.xml.DTDEntityResolver -
				Recognized local namespace; attempting to resolve on classpath
2015-04-21_00:55:42.271 [main] DEBUG o.h.i.util.xml.DTDEntityResolver -
				Located [classpath://org/hibernate/hibernate-configuration-3.0.dtd] in classpath
2015-04-21_00:55:42.301 [main] DEBUG org.hibernate.cfg.Configuration -
				hibernate.connection.driver_class=com.mysql.jdbc.Driver
2015-04-21_00:55:42.301 [main] DEBUG org.hibernate.cfg.Configuration -
				hibernate.connection.password=1729
2015-04-21_00:55:42.301 [main] DEBUG org.hibernate.cfg.Configuration -
				hibernate.connection.url=jdbc:mysql://localhost:3306/test
2015-04-21_00:55:42.302 [main] DEBUG org.hibernate.cfg.Configuration -
				hibernate.connection.username=root
2015-04-21_00:55:42.302 [main] DEBUG org.hibernate.cfg.Configuration -
				hibernate.dialect=org.hibernate.dialect.MySQLDialect
2015-04-21_00:55:42.302 [main] DEBUG org.hibernate.cfg.Configuration -
				hibernate.current_session_context_class=thread
2015-04-21_00:55:42.302 [main] DEBUG org.hibernate.cfg.Configuration -
				hibernate.show_sql=true
2015-04-21_00:55:42.302 [main] DEBUG org.hibernate.cfg.Configuration -
				hibernate.connection.provider_class=com.jolbox.bonecp.provider.BoneCPConnectionProvider
2015-04-21_00:55:42.302 [main] DEBUG org.hibernate.cfg.Configuration -
				hibernate.dbcp.maxActive=8
2015-04-21_00:55:42.303 [main] DEBUG org.hibernate.cfg.Configuration -
				hibernate.dbcp.maxIdle=8
2015-04-21_00:55:42.303 [main] DEBUG org.hibernate.cfg.Configuration -
				hibernate.dbcp.maxWait=1000 * 60 * 30
2015-04-21_00:55:42.303 [main] DEBUG org.hibernate.cfg.Configuration -
				hibernate.dbcp.whenExhaustedAction=1
2015-04-21_00:55:42.303 [main] DEBUG org.hibernate.cfg.Configuration -
				hibernate.dbcp.ps.maxActive=8
2015-04-21_00:55:42.303 [main] DEBUG org.hibernate.cfg.Configuration -
				hibernate.dbcp.ps.maxIdle=8
2015-04-21_00:55:42.303 [main] DEBUG org.hibernate.cfg.Configuration -
				hibernate.dbcp.ps.maxWait=1000 * 60 * 30
2015-04-21_00:55:42.304 [main] DEBUG org.hibernate.cfg.Configuration -
				hibernate.dbcp.ps.whenExhaustedAction=1
2015-04-21_00:55:42.304 [main] DEBUG org.hibernate.cfg.Configuration -
				Session-factory config [null] named resource [employee.hbm.xml] for mapping
2015-04-21_00:55:42.304 [main] INFO  org.hibernate.cfg.Configuration -
				HHH000221: Reading mappings from resource: employee.hbm.xml
2015-04-21_00:55:42.338 [main] DEBUG o.h.i.util.xml.DTDEntityResolver -
				Trying to resolve system-id [http://hibernate.org/dtd/hibernate-mapping-3.0.dtd]
2015-04-21_00:55:44.753 [main] INFO  org.hibernate.cfg.Configuration -
				HHH000041: Configured SessionFactory: null
2015-04-21_00:55:44.754 [main] DEBUG org.hibernate.cfg.Configuration -
				Properties: {hibernate.connection.password=1729, java.runtime.name=Java(TM) SE Runtime Environment, sun.boot.library.path=C:\Program Files\Java\jdk1.7.0_55\jre\bin, java.vm.version=24.55-b03, hibernate.connection.username=root, java.vm.vendor=Oracle Corporation, java.vendor.url=http://java.oracle.com/, path.separator=;, java.vm.name=Java HotSpot(TM) 64-Bit Server VM, file.encoding.pkg=sun.io, user.script=, user.country=US, sun.java.launcher=SUN_STANDARD, sun.os.patch.level=Service Pack 1, java.vm.specification.name=Java Virtual Machine Specification, user.dir=E:\Projects\My_Projects\Shared\TechStuff\AT\Hibernate\HibernateApacheDBCPConnPool, java.runtime.version=1.7.0_55-b13, java.awt.graphicsenv=sun.awt.Win32GraphicsEnvironment, hibernate.current_session_context_class=thread, java.endorsed.dirs=C:\Program Files\Java\jdk1.7.0_55\jre\lib\endorsed, os.arch=amd64, java.io.tmpdir=C:\Users\ADMINI~1.EBS\AppData\Local\Temp\, line.separator=
, java.vm.specification.vendor=Oracle Corporation, user.variant=, os.name=Windows 7, hibernate.dbcp.whenExhaustedAction=1, sun.jnu.encoding=Cp1252, java.library.path=C:\Program Files\Java\jdk1.7.0_55\bin;C:\Windows\Sun\Java\bin;C:\Windows\system32;C:\Windows;C:/Program Files/Java/jdk1.7.0_55/bin/../jre/bin/server;C:/Program Files/Java/jdk1.7.0_55/bin/../jre/bin;C:/Program Files/Java/jdk1.7.0_55/bin/../jre/lib/amd64;C:\Program Files\Java\jdk1.7.0_55\bin;C:\Program Files\Common Files\Microsoft Shared\Microsoft Online Services;C:\Program Files (x86)\Common Files\Microsoft Shared\Microsoft Online Services;D:\oracle\product\11.2.0\dbhome_1\bin;C:\Windows\system32;C:\Windows;C:\Windows\System32\Wbem;C:\Windows\System32\WindowsPowerShell\v1.0\;C:\Program Files (x86)\cvsnt;C:\Program Files (x86)\Intel\OpenCL SDK\2.0\bin\x86;C:\Program Files (x86)\Intel\OpenCL SDK\2.0\bin\x64;C:\Program Files\TortoiseSVN\bin;C:\Program Files (x86)\Git\cmd;C:\Program Files (x86)\MySQL\MySQL Server 5.1\bin;C:\Program Files\nodejs;E:\Ashish\Software\eclipse-adt-bundle\sdk\tools;E:\Ashish\Software\eclipse-adt-bundle\sdk\platform-tools;E:\Ashish\Software\apache-ant-1.9.4\bin;C:\Program Files (x86)\Skype\Phone\;C:\Program Files\OpenVPN\bin;E:\Ashish\Software\gradle-2.3\bin;E:\Ashish\Software\Tomcat\apache-tomcat-8.0.20\bin;C:\Program Files (x86)\Apache Software Foundation\apache-maven-3.2.3\bin;C:\Users\Administrator.Ebsi-HP4540-07\AppData\Roaming\npm;E:\Ashish\Software\eclipse-jee-luna-SR1-win32-x86_64\eclipse;;., hibernate.dbcp.ps.maxActive=8, java.specification.name=Java Platform API Specification, java.class.version=51.0, sun.management.compiler=HotSpot 64-Bit Tiered Compilers, os.version=6.1, user.home=C:\Users\Administrator.Ebsi-HP4540-07, user.timezone=Australia/Sydney, java.awt.printerjob=sun.awt.windows.WPrinterJob, file.encoding=Cp1252, java.specification.version=1.7, hibernate.dbcp.ps.whenExhaustedAction=1, hibernate.connection.driver_class=com.mysql.jdbc.Driver, java.class.path=E:\Projects\My_Projects\Shared\TechStuff\AT\Hibernate\HibernateApacheDBCPConnPool\target\classes;C:\Users\Administrator.Ebsi-HP4540-07\.m2\repository\org\hibernate\hibernate-core\4.2.10.Final\hibernate-core-4.2.10.Final.jar;C:\Users\Administrator.Ebsi-HP4540-07\.m2\repository\antlr\antlr\2.7.7\antlr-2.7.7.jar;C:\Users\Administrator.Ebsi-HP4540-07\.m2\repository\org\jboss\logging\jboss-logging\3.1.0.GA\jboss-logging-3.1.0.GA.jar;C:\Users\Administrator.Ebsi-HP4540-07\.m2\repository\dom4j\dom4j\1.6.1\dom4j-1.6.1.jar;C:\Users\Administrator.Ebsi-HP4540-07\.m2\repository\org\javassist\javassist\3.18.1-GA\javassist-3.18.1-GA.jar;C:\Users\Administrator.Ebsi-HP4540-07\.m2\repository\org\jboss\spec\javax\transaction\jboss-transaction-api_1.1_spec\1.0.1.Final\jboss-transaction-api_1.1_spec-1.0.1.Final.jar;C:\Users\Administrator.Ebsi-HP4540-07\.m2\repository\org\hibernate\javax\persistence\hibernate-jpa-2.0-api\1.0.1.Final\hibernate-jpa-2.0-api-1.0.1.Final.jar;C:\Users\Administrator.Ebsi-HP4540-07\.m2\repository\org\hibernate\common\hibernate-commons-annotations\4.0.2.Final\hibernate-commons-annotations-4.0.2.Final.jar;C:\Users\Administrator.Ebsi-HP4540-07\.m2\repository\org\apache\commons\commons-dbcp2\2.0\commons-dbcp2-2.0.jar;C:\Users\Administrator.Ebsi-HP4540-07\.m2\repository\org\apache\commons\commons-pool2\2.2\commons-pool2-2.2.jar;C:\Users\Administrator.Ebsi-HP4540-07\.m2\repository\commons-logging\commons-logging\1.1.3\commons-logging-1.1.3.jar;C:\Users\Administrator.Ebsi-HP4540-07\.m2\repository\com\jolbox\bonecp\0.8.0-alpha1\bonecp-0.8.0-alpha1.jar;C:\Users\Administrator.Ebsi-HP4540-07\.m2\repository\com\google\guava\guava\11.0.1\guava-11.0.1.jar;C:\Users\Administrator.Ebsi-HP4540-07\.m2\repository\com\google\code\findbugs\jsr305\1.3.9\jsr305-1.3.9.jar;C:\Users\Administrator.Ebsi-HP4540-07\.m2\repository\org\slf4j\slf4j-api\1.6.4\slf4j-api-1.6.4.jar;C:\Users\Administrator.Ebsi-HP4540-07\.m2\repository\com\jolbox\bonecp-provider\0.8.0-alpha1\bonecp-provider-0.8.0-alpha1.jar;C:\Users\Administrator.Ebsi-HP4540-07\.m2\repository\mysql\mysql-connector-java\5.1.9\mysql-connector-java-5.1.9.jar;C:\Users\Administrator.Ebsi-HP4540-07\.m2\repository\ch\qos\logback\logback-core\1.0.13\logback-core-1.0.13.jar;C:\Users\Administrator.Ebsi-HP4540-07\.m2\repository\ch\qos\logback\logback-classic\1.0.13\logback-classic-1.0.13.jar, user.name=Administrator, hibernate.bytecode.use_reflection_optimizer=false, hibernate.dbcp.maxWait=1000 * 60 * 30, hibernate.show_sql=true, java.vm.specification.version=1.7, sun.java.command=com.hibernate.main.HibernateDBCPExample, java.home=C:\Program Files\Java\jdk1.7.0_55\jre, sun.arch.data.model=64, hibernate.dialect=org.hibernate.dialect.MySQLDialect, hibernate.connection.url=jdbc:mysql://localhost:3306/test, user.language=en, java.specification.vendor=Oracle Corporation, hibernate.dbcp.maxIdle=8, awt.toolkit=sun.awt.windows.WToolkit, java.vm.info=mixed mode, java.version=1.7.0_55, java.ext.dirs=C:\Program Files\Java\jdk1.7.0_55\jre\lib\ext;C:\Windows\Sun\Java\lib\ext, sun.boot.class.path=C:\Program Files\Java\jdk1.7.0_55\jre\lib\resources.jar;C:\Program Files\Java\jdk1.7.0_55\jre\lib\rt.jar;C:\Program Files\Java\jdk1.7.0_55\jre\lib\sunrsasign.jar;C:\Program Files\Java\jdk1.7.0_55\jre\lib\jsse.jar;C:\Program Files\Java\jdk1.7.0_55\jre\lib\jce.jar;C:\Program Files\Java\jdk1.7.0_55\jre\lib\charsets.jar;C:\Program Files\Java\jdk1.7.0_55\jre\lib\jfr.jar;C:\Program Files\Java\jdk1.7.0_55\jre\classes, java.vendor=Oracle Corporation, hibernate.dbcp.maxActive=8, file.separator=\, hibernate.connection.provider_class=com.jolbox.bonecp.provider.BoneCPConnectionProvider, java.vendor.url.bug=http://bugreport.sun.com/bugreport/, sun.io.unicode.encoding=UnicodeLittle, sun.cpu.endian=little, hibernate.dbcp.ps.maxWait=1000 * 60 * 30, sun.desktop=windows, hibernate.dbcp.ps.maxIdle=8, sun.cpu.isalist=amd64}
2015-04-21_00:55:44.769 [main] DEBUG o.h.i.internal.IntegratorServiceImpl -
				Adding Integrator [org.hibernate.cfg.beanvalidation.BeanValidationIntegrator].
2015-04-21_00:55:44.814 [main] DEBUG org.hibernate.cfg.Configuration -
				Preparing to build session factory with filters : {}
2015-04-21_00:55:44.825 [main] INFO  o.h.s.j.c.i.ConnectionProviderInitiator -
				HHH000130: Instantiating explicit connection provider: com.jolbox.bonecp.provider.BoneCPConnectionProvider
2015-04-21_00:55:44.882 [main] WARN  com.jolbox.bonecp.BoneCPConfig -
				Max Connections < 1. Setting to 20
2015-04-21_00:55:45.273 [main] DEBUG o.h.e.jdbc.internal.JdbcServicesImpl -
				Database ->
       name : MySQL
    version : 5.1.26-rc-community
      major : 5
      minor : 1
2015-04-21_00:55:45.274 [main] DEBUG o.h.e.jdbc.internal.JdbcServicesImpl -
				Driver ->
       name : MySQL-AB JDBC Driver
    version : mysql-connector-java-5.1.9 ( Revision: ${svn.Revision} )
      major : 5
      minor : 1
2015-04-21_00:55:45.274 [main] DEBUG o.h.e.jdbc.internal.JdbcServicesImpl -
				JDBC version : 3.0
2015-04-21_00:55:45.311 [main] INFO  org.hibernate.dialect.Dialect -
				HHH000400: Using dialect: org.hibernate.dialect.MySQLDialect
2015-04-21_00:55:45.326 [main] INFO  o.h.e.j.internal.LobCreatorBuilder -
				HHH000423: Disabling contextual LOB creation as JDBC driver reported JDBC version [3] less than 4
2015-04-21_00:55:45.370 [main] DEBUG org.hibernate.cfg.Configuration -
				Processing hbm.xml files
2015-04-21_00:55:45.389 [main] DEBUG org.hibernate.cfg.HbmBinder -
				Mapping class: com.hibernate.model.Employee -> EMPLOYEE
2015-04-21_00:55:45.392 [main] DEBUG org.hibernate.cfg.HbmBinder -
				Mapped property: id -> ID
2015-04-21_00:55:45.397 [main] DEBUG org.hibernate.cfg.HbmBinder -
				Mapped property: name -> NAME
2015-04-21_00:55:45.397 [main] DEBUG org.hibernate.cfg.HbmBinder -
				Mapped property: role -> ROLE
2015-04-21_00:55:45.397 [main] DEBUG org.hibernate.cfg.HbmBinder -
				Mapped property: insertTime -> insert_time
2015-04-21_00:55:45.397 [main] DEBUG org.hibernate.cfg.Configuration -
				Process annotated classes
2015-04-21_00:55:45.398 [main] DEBUG org.hibernate.cfg.Configuration -
				Processing fk mappings (*ToOne and JoinedSubclass)
2015-04-21_00:55:45.399 [main] DEBUG org.hibernate.cfg.Configuration -
				Processing extends queue
2015-04-21_00:55:45.399 [main] DEBUG org.hibernate.cfg.Configuration -
				Processing extends queue
2015-04-21_00:55:45.399 [main] DEBUG org.hibernate.cfg.Configuration -
				Processing collection mappings
2015-04-21_00:55:45.399 [main] DEBUG org.hibernate.cfg.Configuration -
				Processing native query and ResultSetMapping mappings
2015-04-21_00:55:45.399 [main] DEBUG org.hibernate.cfg.Configuration -
				Processing association property references
2015-04-21_00:55:45.400 [main] DEBUG org.hibernate.cfg.Configuration -
				Creating tables' unique integer identifiers
2015-04-21_00:55:45.400 [main] DEBUG org.hibernate.cfg.Configuration -
				Processing foreign key constraints
2015-04-21_00:55:45.406 [main] DEBUG org.hibernate.cfg.SettingsFactory -
				Automatic flush during beforeCompletion(): disabled
2015-04-21_00:55:45.406 [main] DEBUG org.hibernate.cfg.SettingsFactory -
				Automatic session close at end of transaction: disabled
2015-04-21_00:55:45.406 [main] DEBUG org.hibernate.cfg.SettingsFactory -
				JDBC batch size: 15
2015-04-21_00:55:45.407 [main] DEBUG org.hibernate.cfg.SettingsFactory -
				JDBC batch updates for versioned data: disabled
2015-04-21_00:55:45.407 [main] DEBUG org.hibernate.cfg.SettingsFactory -
				Scrollable result sets: enabled
2015-04-21_00:55:45.407 [main] DEBUG org.hibernate.cfg.SettingsFactory -
				Wrap result sets: disabled
2015-04-21_00:55:45.407 [main] DEBUG org.hibernate.cfg.SettingsFactory -
				JDBC3 getGeneratedKeys(): enabled
2015-04-21_00:55:45.407 [main] DEBUG org.hibernate.cfg.SettingsFactory -
				multi-tenancy strategy : NONE
2015-04-21_00:55:45.408 [main] DEBUG org.hibernate.cfg.SettingsFactory -
				Connection release mode: auto
2015-04-21_00:55:45.408 [main] INFO  o.h.e.t.i.TransactionFactoryInitiator -
				HHH000399: Using default transaction strategy (direct JDBC transactions)
2015-04-21_00:55:45.412 [main] DEBUG org.hibernate.cfg.SettingsFactory -
				Using BatchFetchStyle : LEGACY
2015-04-21_00:55:45.412 [main] DEBUG org.hibernate.cfg.SettingsFactory -
				Maximum outer join fetch depth: 2
2015-04-21_00:55:45.413 [main] DEBUG org.hibernate.cfg.SettingsFactory -
				Default batch fetch size: 1
2015-04-21_00:55:45.413 [main] DEBUG org.hibernate.cfg.SettingsFactory -
				Generate SQL with comments: disabled
2015-04-21_00:55:45.413 [main] DEBUG org.hibernate.cfg.SettingsFactory -
				Order SQL updates by primary key: disabled
2015-04-21_00:55:45.413 [main] DEBUG org.hibernate.cfg.SettingsFactory -
				Order SQL inserts for batching: disabled
2015-04-21_00:55:45.413 [main] DEBUG org.hibernate.cfg.SettingsFactory -
				Default null ordering: none
2015-04-21_00:55:45.414 [main] DEBUG org.hibernate.cfg.SettingsFactory -
				Query translator: org.hibernate.hql.internal.ast.ASTQueryTranslatorFactory
2015-04-21_00:55:45.416 [main] INFO  o.h.h.i.a.ASTQueryTranslatorFactory -
				HHH000397: Using ASTQueryTranslatorFactory
2015-04-21_00:55:45.416 [main] DEBUG org.hibernate.cfg.SettingsFactory -
				Query language substitutions: {}
2015-04-21_00:55:45.416 [main] DEBUG org.hibernate.cfg.SettingsFactory -
				JPA-QL strict compliance: disabled
2015-04-21_00:55:45.416 [main] DEBUG org.hibernate.cfg.SettingsFactory -
				Second-level cache: enabled
2015-04-21_00:55:45.416 [main] DEBUG org.hibernate.cfg.SettingsFactory -
				Query cache: disabled
2015-04-21_00:55:45.417 [main] DEBUG org.hibernate.cfg.SettingsFactory -
				Cache region factory : org.hibernate.cache.internal.NoCachingRegionFactory
2015-04-21_00:55:45.417 [main] DEBUG org.hibernate.cfg.SettingsFactory -
				org.hibernate.cache.internal.NoCachingRegionFactory did not provide constructor accepting java.util.Properties; attempting no-arg constructor.
2015-04-21_00:55:45.418 [main] DEBUG org.hibernate.cfg.SettingsFactory -
				Optimize cache for minimal puts: disabled
2015-04-21_00:55:45.418 [main] DEBUG org.hibernate.cfg.SettingsFactory -
				Structured second-level cache entries: disabled
2015-04-21_00:55:45.418 [main] DEBUG org.hibernate.cfg.SettingsFactory -
				Second-level cache direct-reference entries: disabled
2015-04-21_00:55:45.418 [main] DEBUG org.hibernate.cfg.SettingsFactory -
				Statistics: disabled
2015-04-21_00:55:45.418 [main] DEBUG org.hibernate.cfg.SettingsFactory -
				Deleted entity synthetic identifier rollback: disabled
2015-04-21_00:55:45.419 [main] DEBUG org.hibernate.cfg.SettingsFactory -
				Default entity-mode: pojo
2015-04-21_00:55:45.419 [main] DEBUG org.hibernate.cfg.SettingsFactory -
				Named query checking : enabled
2015-04-21_00:55:45.419 [main] DEBUG org.hibernate.cfg.SettingsFactory -
				Check Nullability in Core (should be disabled when Bean Validation is on): enabled
2015-04-21_00:55:45.419 [main] DEBUG org.hibernate.cfg.SettingsFactory -
				Allow initialization of lazy state outside session : : disabled
2015-04-21_00:55:45.419 [main] DEBUG org.hibernate.cfg.SettingsFactory -
				JTA Track by Thread: enabled
2015-04-21_00:55:45.432 [main] DEBUG o.h.internal.SessionFactoryImpl -
				Building session factory
2015-04-21_00:55:45.445 [main] TRACE org.hibernate.type.TypeFactory -
				Scoping types to session factory org.hibernate.internal.SessionFactoryImpl@6a7512be
2015-04-21_00:55:45.446 [main] DEBUG o.h.internal.SessionFactoryImpl -
				Session factory constructed with filter configurations : {}
2015-04-21_00:55:45.446 [main] DEBUG o.h.internal.SessionFactoryImpl -
				Instantiating session factory with properties: {java.runtime.name=Java(TM) SE Runtime Environment, hibernate.connection.password=1729, sun.boot.library.path=C:\Program Files\Java\jdk1.7.0_55\jre\bin, java.vm.version=24.55-b03, hibernate.connection.username=root, java.vm.vendor=Oracle Corporation, java.vendor.url=http://java.oracle.com/, path.separator=;, java.vm.name=Java HotSpot(TM) 64-Bit Server VM, file.encoding.pkg=sun.io, user.script=, user.country=US, sun.java.launcher=SUN_STANDARD, sun.os.patch.level=Service Pack 1, java.vm.specification.name=Java Virtual Machine Specification, user.dir=E:\Projects\My_Projects\Shared\TechStuff\AT\Hibernate\HibernateApacheDBCPConnPool, java.runtime.version=1.7.0_55-b13, java.awt.graphicsenv=sun.awt.Win32GraphicsEnvironment, hibernate.current_session_context_class=thread, java.endorsed.dirs=C:\Program Files\Java\jdk1.7.0_55\jre\lib\endorsed, os.arch=amd64, java.io.tmpdir=C:\Users\ADMINI~1.EBS\AppData\Local\Temp\, line.separator=
, java.vm.specification.vendor=Oracle Corporation, user.variant=, os.name=Windows 7, hibernate.dbcp.whenExhaustedAction=1, sun.jnu.encoding=Cp1252, java.library.path=C:\Program Files\Java\jdk1.7.0_55\bin;C:\Windows\Sun\Java\bin;C:\Windows\system32;C:\Windows;C:/Program Files/Java/jdk1.7.0_55/bin/../jre/bin/server;C:/Program Files/Java/jdk1.7.0_55/bin/../jre/bin;C:/Program Files/Java/jdk1.7.0_55/bin/../jre/lib/amd64;C:\Program Files\Java\jdk1.7.0_55\bin;C:\Program Files\Common Files\Microsoft Shared\Microsoft Online Services;C:\Program Files (x86)\Common Files\Microsoft Shared\Microsoft Online Services;D:\oracle\product\11.2.0\dbhome_1\bin;C:\Windows\system32;C:\Windows;C:\Windows\System32\Wbem;C:\Windows\System32\WindowsPowerShell\v1.0\;C:\Program Files (x86)\cvsnt;C:\Program Files (x86)\Intel\OpenCL SDK\2.0\bin\x86;C:\Program Files (x86)\Intel\OpenCL SDK\2.0\bin\x64;C:\Program Files\TortoiseSVN\bin;C:\Program Files (x86)\Git\cmd;C:\Program Files (x86)\MySQL\MySQL Server 5.1\bin;C:\Program Files\nodejs;E:\Ashish\Software\eclipse-adt-bundle\sdk\tools;E:\Ashish\Software\eclipse-adt-bundle\sdk\platform-tools;E:\Ashish\Software\apache-ant-1.9.4\bin;C:\Program Files (x86)\Skype\Phone\;C:\Program Files\OpenVPN\bin;E:\Ashish\Software\gradle-2.3\bin;E:\Ashish\Software\Tomcat\apache-tomcat-8.0.20\bin;C:\Program Files (x86)\Apache Software Foundation\apache-maven-3.2.3\bin;C:\Users\Administrator.Ebsi-HP4540-07\AppData\Roaming\npm;E:\Ashish\Software\eclipse-jee-luna-SR1-win32-x86_64\eclipse;;., hibernate.dbcp.ps.maxActive=8, java.specification.name=Java Platform API Specification, java.class.version=51.0, sun.management.compiler=HotSpot 64-Bit Tiered Compilers, os.version=6.1, user.home=C:\Users\Administrator.Ebsi-HP4540-07, user.timezone=Australia/Sydney, java.awt.printerjob=sun.awt.windows.WPrinterJob, java.specification.version=1.7, file.encoding=Cp1252, hibernate.dbcp.ps.whenExhaustedAction=1, hibernate.connection.driver_class=com.mysql.jdbc.Driver, user.name=Administrator, java.class.path=E:\Projects\My_Projects\Shared\TechStuff\AT\Hibernate\HibernateApacheDBCPConnPool\target\classes;C:\Users\Administrator.Ebsi-HP4540-07\.m2\repository\org\hibernate\hibernate-core\4.2.10.Final\hibernate-core-4.2.10.Final.jar;C:\Users\Administrator.Ebsi-HP4540-07\.m2\repository\antlr\antlr\2.7.7\antlr-2.7.7.jar;C:\Users\Administrator.Ebsi-HP4540-07\.m2\repository\org\jboss\logging\jboss-logging\3.1.0.GA\jboss-logging-3.1.0.GA.jar;C:\Users\Administrator.Ebsi-HP4540-07\.m2\repository\dom4j\dom4j\1.6.1\dom4j-1.6.1.jar;C:\Users\Administrator.Ebsi-HP4540-07\.m2\repository\org\javassist\javassist\3.18.1-GA\javassist-3.18.1-GA.jar;C:\Users\Administrator.Ebsi-HP4540-07\.m2\repository\org\jboss\spec\javax\transaction\jboss-transaction-api_1.1_spec\1.0.1.Final\jboss-transaction-api_1.1_spec-1.0.1.Final.jar;C:\Users\Administrator.Ebsi-HP4540-07\.m2\repository\org\hibernate\javax\persistence\hibernate-jpa-2.0-api\1.0.1.Final\hibernate-jpa-2.0-api-1.0.1.Final.jar;C:\Users\Administrator.Ebsi-HP4540-07\.m2\repository\org\hibernate\common\hibernate-commons-annotations\4.0.2.Final\hibernate-commons-annotations-4.0.2.Final.jar;C:\Users\Administrator.Ebsi-HP4540-07\.m2\repository\org\apache\commons\commons-dbcp2\2.0\commons-dbcp2-2.0.jar;C:\Users\Administrator.Ebsi-HP4540-07\.m2\repository\org\apache\commons\commons-pool2\2.2\commons-pool2-2.2.jar;C:\Users\Administrator.Ebsi-HP4540-07\.m2\repository\commons-logging\commons-logging\1.1.3\commons-logging-1.1.3.jar;C:\Users\Administrator.Ebsi-HP4540-07\.m2\repository\com\jolbox\bonecp\0.8.0-alpha1\bonecp-0.8.0-alpha1.jar;C:\Users\Administrator.Ebsi-HP4540-07\.m2\repository\com\google\guava\guava\11.0.1\guava-11.0.1.jar;C:\Users\Administrator.Ebsi-HP4540-07\.m2\repository\com\google\code\findbugs\jsr305\1.3.9\jsr305-1.3.9.jar;C:\Users\Administrator.Ebsi-HP4540-07\.m2\repository\org\slf4j\slf4j-api\1.6.4\slf4j-api-1.6.4.jar;C:\Users\Administrator.Ebsi-HP4540-07\.m2\repository\com\jolbox\bonecp-provider\0.8.0-alpha1\bonecp-provider-0.8.0-alpha1.jar;C:\Users\Administrator.Ebsi-HP4540-07\.m2\repository\mysql\mysql-connector-java\5.1.9\mysql-connector-java-5.1.9.jar;C:\Users\Administrator.Ebsi-HP4540-07\.m2\repository\ch\qos\logback\logback-core\1.0.13\logback-core-1.0.13.jar;C:\Users\Administrator.Ebsi-HP4540-07\.m2\repository\ch\qos\logback\logback-classic\1.0.13\logback-classic-1.0.13.jar, hibernate.bytecode.use_reflection_optimizer=false, hibernate.show_sql=true, hibernate.dbcp.maxWait=1000 * 60 * 30, java.vm.specification.version=1.7, sun.arch.data.model=64, java.home=C:\Program Files\Java\jdk1.7.0_55\jre, sun.java.command=com.hibernate.main.HibernateDBCPExample, hibernate.connection.url=jdbc:mysql://localhost:3306/test, hibernate.dialect=org.hibernate.dialect.MySQLDialect, java.specification.vendor=Oracle Corporation, user.language=en, hibernate.dbcp.maxIdle=8, awt.toolkit=sun.awt.windows.WToolkit, java.vm.info=mixed mode, java.version=1.7.0_55, java.ext.dirs=C:\Program Files\Java\jdk1.7.0_55\jre\lib\ext;C:\Windows\Sun\Java\lib\ext, sun.boot.class.path=C:\Program Files\Java\jdk1.7.0_55\jre\lib\resources.jar;C:\Program Files\Java\jdk1.7.0_55\jre\lib\rt.jar;C:\Program Files\Java\jdk1.7.0_55\jre\lib\sunrsasign.jar;C:\Program Files\Java\jdk1.7.0_55\jre\lib\jsse.jar;C:\Program Files\Java\jdk1.7.0_55\jre\lib\jce.jar;C:\Program Files\Java\jdk1.7.0_55\jre\lib\charsets.jar;C:\Program Files\Java\jdk1.7.0_55\jre\lib\jfr.jar;C:\Program Files\Java\jdk1.7.0_55\jre\classes, java.vendor=Oracle Corporation, hibernate.dbcp.maxActive=8, file.separator=\, java.vendor.url.bug=http://bugreport.sun.com/bugreport/, hibernate.connection.provider_class=com.jolbox.bonecp.provider.BoneCPConnectionProvider, sun.cpu.endian=little, sun.io.unicode.encoding=UnicodeLittle, hibernate.dbcp.ps.maxWait=1000 * 60 * 30, sun.desktop=windows, sun.cpu.isalist=amd64, hibernate.dbcp.ps.maxIdle=8}
2015-04-21_00:55:45.455 [main] DEBUG o.h.i.f.i.DefaultIdentifierGeneratorFactory -
				Setting dialect [org.hibernate.dialect.MySQLDialect]
2015-04-21_00:55:45.587 [main] DEBUG o.h.p.entity.AbstractEntityPersister -
				Static SQL for entity: com.hibernate.model.Employee
2015-04-21_00:55:45.587 [main] DEBUG o.h.p.entity.AbstractEntityPersister -
				 Version select: select ID from EMPLOYEE where ID =?
2015-04-21_00:55:45.587 [main] DEBUG o.h.p.entity.AbstractEntityPersister -
				 Snapshot select: select employee_.ID, employee_.NAME as NAME2_0_, employee_.ROLE as ROLE3_0_, employee_.insert_time as insert_t4_0_ from EMPLOYEE employee_ where employee_.ID=?
2015-04-21_00:55:45.587 [main] DEBUG o.h.p.entity.AbstractEntityPersister -
				 Insert 0: insert into EMPLOYEE (NAME, ROLE, insert_time, ID) values (?, ?, ?, ?)
2015-04-21_00:55:45.588 [main] DEBUG o.h.p.entity.AbstractEntityPersister -
				 Update 0: update EMPLOYEE set NAME=?, ROLE=?, insert_time=? where ID=?
2015-04-21_00:55:45.588 [main] DEBUG o.h.p.entity.AbstractEntityPersister -
				 Delete 0: delete from EMPLOYEE where ID=?
2015-04-21_00:55:45.611 [main] DEBUG org.hibernate.loader.Loader -
				Static select for entity com.hibernate.model.Employee [NONE]: select employee0_.ID as ID1_0_0_, employee0_.NAME as NAME2_0_0_, employee0_.ROLE as ROLE3_0_0_, employee0_.insert_time as insert_t4_0_0_ from EMPLOYEE employee0_ where employee0_.ID=?
2015-04-21_00:55:45.612 [main] DEBUG org.hibernate.loader.Loader -
				Static select for entity com.hibernate.model.Employee [READ]: select employee0_.ID as ID1_0_0_, employee0_.NAME as NAME2_0_0_, employee0_.ROLE as ROLE3_0_0_, employee0_.insert_time as insert_t4_0_0_ from EMPLOYEE employee0_ where employee0_.ID=?
2015-04-21_00:55:45.612 [main] DEBUG org.hibernate.loader.Loader -
				Static select for entity com.hibernate.model.Employee [UPGRADE]: select employee0_.ID as ID1_0_0_, employee0_.NAME as NAME2_0_0_, employee0_.ROLE as ROLE3_0_0_, employee0_.insert_time as insert_t4_0_0_ from EMPLOYEE employee0_ where employee0_.ID=? for update
2015-04-21_00:55:45.613 [main] DEBUG org.hibernate.loader.Loader -
				Static select for entity com.hibernate.model.Employee [UPGRADE_NOWAIT]: select employee0_.ID as ID1_0_0_, employee0_.NAME as NAME2_0_0_, employee0_.ROLE as ROLE3_0_0_, employee0_.insert_time as insert_t4_0_0_ from EMPLOYEE employee0_ where employee0_.ID=? for update
2015-04-21_00:55:45.613 [main] DEBUG org.hibernate.loader.Loader -
				Static select for entity com.hibernate.model.Employee [FORCE]: select employee0_.ID as ID1_0_0_, employee0_.NAME as NAME2_0_0_, employee0_.ROLE as ROLE3_0_0_, employee0_.insert_time as insert_t4_0_0_ from EMPLOYEE employee0_ where employee0_.ID=? for update
2015-04-21_00:55:45.614 [main] DEBUG org.hibernate.loader.Loader -
				Static select for entity com.hibernate.model.Employee [PESSIMISTIC_READ]: select employee0_.ID as ID1_0_0_, employee0_.NAME as NAME2_0_0_, employee0_.ROLE as ROLE3_0_0_, employee0_.insert_time as insert_t4_0_0_ from EMPLOYEE employee0_ where employee0_.ID=? lock in share mode
2015-04-21_00:55:45.614 [main] DEBUG org.hibernate.loader.Loader -
				Static select for entity com.hibernate.model.Employee [PESSIMISTIC_WRITE]: select employee0_.ID as ID1_0_0_, employee0_.NAME as NAME2_0_0_, employee0_.ROLE as ROLE3_0_0_, employee0_.insert_time as insert_t4_0_0_ from EMPLOYEE employee0_ where employee0_.ID=? for update
2015-04-21_00:55:45.615 [main] DEBUG org.hibernate.loader.Loader -
				Static select for entity com.hibernate.model.Employee [PESSIMISTIC_FORCE_INCREMENT]: select employee0_.ID as ID1_0_0_, employee0_.NAME as NAME2_0_0_, employee0_.ROLE as ROLE3_0_0_, employee0_.insert_time as insert_t4_0_0_ from EMPLOYEE employee0_ where employee0_.ID=? for update
2015-04-21_00:55:45.615 [main] DEBUG org.hibernate.loader.Loader -
				Static select for entity com.hibernate.model.Employee [OPTIMISTIC]: select employee0_.ID as ID1_0_0_, employee0_.NAME as NAME2_0_0_, employee0_.ROLE as ROLE3_0_0_, employee0_.insert_time as insert_t4_0_0_ from EMPLOYEE employee0_ where employee0_.ID=?
2015-04-21_00:55:45.615 [main] DEBUG org.hibernate.loader.Loader -
				Static select for entity com.hibernate.model.Employee [OPTIMISTIC_FORCE_INCREMENT]: select employee0_.ID as ID1_0_0_, employee0_.NAME as NAME2_0_0_, employee0_.ROLE as ROLE3_0_0_, employee0_.insert_time as insert_t4_0_0_ from EMPLOYEE employee0_ where employee0_.ID=?
2015-04-21_00:55:45.624 [main] DEBUG org.hibernate.loader.Loader -
				Static select for action ACTION_MERGE on entity com.hibernate.model.Employee: select employee0_.ID as ID1_0_0_, employee0_.NAME as NAME2_0_0_, employee0_.ROLE as ROLE3_0_0_, employee0_.insert_time as insert_t4_0_0_ from EMPLOYEE employee0_ where employee0_.ID=?
2015-04-21_00:55:45.624 [main] DEBUG org.hibernate.loader.Loader -
				Static select for action ACTION_REFRESH on entity com.hibernate.model.Employee: select employee0_.ID as ID1_0_0_, employee0_.NAME as NAME2_0_0_, employee0_.ROLE as ROLE3_0_0_, employee0_.insert_time as insert_t4_0_0_ from EMPLOYEE employee0_ where employee0_.ID=?
2015-04-21_00:55:46.237 [main] DEBUG o.h.internal.SessionFactoryRegistry -
				Initializing SessionFactoryRegistry : org.hibernate.internal.SessionFactoryRegistry@60601a8b
2015-04-21_00:55:46.240 [main] DEBUG o.h.internal.SessionFactoryRegistry -
				Registering SessionFactory: 8cb434a0-d07f-4778-99e5-d6af59c7a788 (<unnamed>)
2015-04-21_00:55:46.240 [main] DEBUG o.h.internal.SessionFactoryRegistry -
				Not binding SessionFactory to JNDI, no JNDI name configured
2015-04-21_00:55:46.240 [main] DEBUG o.h.internal.SessionFactoryImpl -
				Instantiated session factory
2015-04-21_00:55:46.245 [main] DEBUG o.h.internal.SessionFactoryImpl -
				Checking 0 named HQL queries
2015-04-21_00:55:46.245 [main] DEBUG o.h.internal.SessionFactoryImpl -
				Checking 0 named SQL queries
2015-04-21_00:55:46.253 [main] DEBUG o.h.s.internal.StatisticsInitiator -
				Statistics initialized [enabled=false]
2015-04-21_00:55:46.312 [com.google.common.base.internal.Finalizer] WARN  c.jolbox.bonecp.ConnectionPartition -
				BoneCP detected an unclosed connection and will now attempt to close it for you. You should be closing this connection in your application - enable connectionWatch for additional debugging assistance.
2015-04-21_00:55:46.351 [main] DEBUG o.h.e.t.spi.AbstractTransactionImpl -
				begin
2015-04-21_00:55:46.351 [main] DEBUG o.h.e.j.i.LogicalConnectionImpl -
				Obtaining JDBC connection
2015-04-21_00:55:46.351 [main] DEBUG o.h.e.j.i.LogicalConnectionImpl -
				Obtained JDBC connection
2015-04-21_00:55:46.351 [main] DEBUG o.h.e.t.i.jdbc.JdbcTransaction -
				initial autocommit status: false
2015-04-21_00:55:46.396 [main] DEBUG o.h.h.i.ast.QueryTranslatorImpl -
				parse() - HQL: from com.hibernate.model.Employee
2015-04-21_00:55:46.404 [main] DEBUG o.h.h.i.ast.QueryTranslatorImpl -
				--- HQL AST ---
 \-[QUERY] Node: 'query'
    \-[SELECT_FROM] Node: 'SELECT_FROM'
       \-[FROM] Node: 'from'
          \-[RANGE] Node: 'RANGE'
             \-[DOT] Node: '.'
                +-[DOT] Node: '.'
                |  +-[DOT] Node: '.'
                |  |  +-[IDENT] Node: 'com'
                |  |  \-[IDENT] Node: 'hibernate'
                |  \-[IDENT] Node: 'model'
                \-[IDENT] Node: 'Employee'

2015-04-21_00:55:46.405 [main] DEBUG o.h.hql.internal.ast.ErrorCounter -
				throwQueryException() : no errors
2015-04-21_00:55:46.425 [main] DEBUG o.h.h.i.antlr.HqlSqlBaseWalker -
				select << begin [level=1, statement=select]
2015-04-21_00:55:46.443 [main] DEBUG o.h.h.internal.ast.tree.FromElement -
				FromClause{level=1} : com.hibernate.model.Employee (<no alias>) -> employee0_
2015-04-21_00:55:46.444 [main] DEBUG o.h.h.i.antlr.HqlSqlBaseWalker -
				select : finishing up [level=1, statement=select]
2015-04-21_00:55:46.444 [main] DEBUG o.h.hql.internal.ast.HqlSqlWalker -
				processQuery() :  ( SELECT ( FromClause{level=1} EMPLOYEE employee0_ ) )
2015-04-21_00:55:46.450 [main] DEBUG o.h.hql.internal.ast.HqlSqlWalker -
				Derived SELECT clause created.
2015-04-21_00:55:46.456 [main] DEBUG o.h.h.i.ast.util.JoinProcessor -
				Using FROM fragment [EMPLOYEE employee0_]
2015-04-21_00:55:46.456 [main] DEBUG o.h.h.i.antlr.HqlSqlBaseWalker -
				select >> end [level=1, statement=select]
2015-04-21_00:55:46.458 [main] DEBUG o.h.h.i.ast.QueryTranslatorImpl -
				--- SQL AST ---
 \-[SELECT] QueryNode: 'SELECT'  querySpaces (EMPLOYEE)
    +-[SELECT_CLAUSE] SelectClause: '{derived select clause}'
    |  +-[SELECT_EXPR] SelectExpressionImpl: 'employee0_.ID as ID1_0_' {FromElement{explicit,not a collection join,not a fetch join,fetch non-lazy properties,classAlias=null,role=null,tableName=EMPLOYEE,tableAlias=employee0_,origin=null,columns={,className=com.hibernate.model.Employee}}}
    |  \-[SQL_TOKEN] SqlFragment: 'employee0_.NAME as NAME2_0_, employee0_.ROLE as ROLE3_0_, employee0_.insert_time as insert_t4_0_'
    \-[FROM] FromClause: 'from' FromClause{level=1, fromElementCounter=1, fromElements=1, fromElementByClassAlias=[], fromElementByTableAlias=[employee0_], fromElementsByPath=[], collectionJoinFromElementsByPath=[], impliedElements=[]}
       \-[FROM_FRAGMENT] FromElement: 'EMPLOYEE employee0_' FromElement{explicit,not a collection join,not a fetch join,fetch non-lazy properties,classAlias=null,role=null,tableName=EMPLOYEE,tableAlias=employee0_,origin=null,columns={,className=com.hibernate.model.Employee}}

2015-04-21_00:55:46.458 [main] DEBUG o.h.hql.internal.ast.ErrorCounter -
				throwQueryException() : no errors
2015-04-21_00:55:46.465 [main] DEBUG o.h.h.i.ast.QueryTranslatorImpl -
				HQL: from com.hibernate.model.Employee
2015-04-21_00:55:46.465 [main] DEBUG o.h.h.i.ast.QueryTranslatorImpl -
				SQL: select employee0_.ID as ID1_0_, employee0_.NAME as NAME2_0_, employee0_.ROLE as ROLE3_0_, employee0_.insert_time as insert_t4_0_ from EMPLOYEE employee0_
2015-04-21_00:55:46.466 [main] DEBUG o.h.hql.internal.ast.ErrorCounter -
				throwQueryException() : no errors
2015-04-21_00:55:46.533 [main] DEBUG org.hibernate.SQL -
				select employee0_.ID as ID1_0_, employee0_.NAME as NAME2_0_, employee0_.ROLE as ROLE3_0_, employee0_.insert_time as insert_t4_0_ from EMPLOYEE employee0_
2015-04-21_00:55:46.552 [main] DEBUG org.hibernate.loader.Loader -
				Result set row: 0
2015-04-21_00:55:46.554 [main] TRACE o.h.t.descriptor.sql.BasicExtractor -
				Found [1] as column [ID1_0_]
2015-04-21_00:55:46.555 [main] DEBUG org.hibernate.loader.Loader -
				Result row: EntityKey[com.hibernate.model.Employee#1]
2015-04-21_00:55:46.561 [main] TRACE o.h.t.descriptor.sql.BasicExtractor -
				Found [Pankaj] as column [NAME2_0_]
2015-04-21_00:55:46.561 [main] TRACE o.h.t.descriptor.sql.BasicExtractor -
				Found [CEO] as column [ROLE3_0_]
2015-04-21_00:55:46.566 [main] TRACE o.h.t.descriptor.sql.BasicExtractor -
				Found [2015-04-20 00:13:53.0] as column [insert_t4_0_]
2015-04-21_00:55:46.567 [main] DEBUG org.hibernate.loader.Loader -
				Result set row: 1
2015-04-21_00:55:46.567 [main] TRACE o.h.t.descriptor.sql.BasicExtractor -
				Found [19] as column [ID1_0_]
2015-04-21_00:55:46.567 [main] DEBUG org.hibernate.loader.Loader -
				Result row: EntityKey[com.hibernate.model.Employee#19]
2015-04-21_00:55:46.567 [main] TRACE o.h.t.descriptor.sql.BasicExtractor -
				Found [Ashish] as column [NAME2_0_]
2015-04-21_00:55:46.568 [main] TRACE o.h.t.descriptor.sql.BasicExtractor -
				Found [Developer] as column [ROLE3_0_]
2015-04-21_00:55:46.568 [main] TRACE o.h.t.descriptor.sql.BasicExtractor -
				Found [2015-04-20 00:16:04.0] as column [insert_t4_0_]
2015-04-21_00:55:46.568 [main] DEBUG org.hibernate.loader.Loader -
				Result set row: 2
2015-04-21_00:55:46.568 [main] TRACE o.h.t.descriptor.sql.BasicExtractor -
				Found [20] as column [ID1_0_]
2015-04-21_00:55:46.568 [main] DEBUG org.hibernate.loader.Loader -
				Result row: EntityKey[com.hibernate.model.Employee#20]
2015-04-21_00:55:46.569 [main] TRACE o.h.t.descriptor.sql.BasicExtractor -
				Found [Ajayta] as column [NAME2_0_]
2015-04-21_00:55:46.569 [main] TRACE o.h.t.descriptor.sql.BasicExtractor -
				Found [Manager] as column [ROLE3_0_]
2015-04-21_00:55:46.569 [main] TRACE o.h.t.descriptor.sql.BasicExtractor -
				Found [2015-04-20 00:16:50.0] as column [insert_t4_0_]
2015-04-21_00:55:46.571 [main] DEBUG o.h.engine.internal.TwoPhaseLoad -
				Resolving associations for [com.hibernate.model.Employee#1]
2015-04-21_00:55:46.573 [main] DEBUG o.h.engine.internal.TwoPhaseLoad -
				Done materializing entity [com.hibernate.model.Employee#1]
2015-04-21_00:55:46.573 [main] DEBUG o.h.engine.internal.TwoPhaseLoad -
				Resolving associations for [com.hibernate.model.Employee#19]
2015-04-21_00:55:46.573 [main] DEBUG o.h.engine.internal.TwoPhaseLoad -
				Done materializing entity [com.hibernate.model.Employee#19]
2015-04-21_00:55:46.574 [main] DEBUG o.h.engine.internal.TwoPhaseLoad -
				Resolving associations for [com.hibernate.model.Employee#20]
2015-04-21_00:55:46.574 [main] DEBUG o.h.engine.internal.TwoPhaseLoad -
				Done materializing entity [com.hibernate.model.Employee#20]
2015-04-21_00:55:46.580 [main] INFO  c.h.main.HibernateDBCPExample -
				List of Employees::1,Pankaj
2015-04-21_00:55:46.581 [main] INFO  c.h.main.HibernateDBCPExample -
				List of Employees::19,Ashish
2015-04-21_00:55:46.581 [main] INFO  c.h.main.HibernateDBCPExample -
				List of Employees::20,Ajayta
2015-04-21_00:55:46.581 [main] DEBUG o.h.e.t.spi.AbstractTransactionImpl -
				committing
2015-04-21_00:55:46.581 [main] DEBUG o.h.e.i.AbstractFlushingEventListener -
				Processing flush-time cascades
2015-04-21_00:55:46.583 [main] DEBUG o.h.e.i.AbstractFlushingEventListener -
				Dirty checking collections
2015-04-21_00:55:46.586 [main] DEBUG o.h.e.i.AbstractFlushingEventListener -
				Flushed: 0 insertions, 0 updates, 0 deletions to 3 objects
2015-04-21_00:55:46.586 [main] DEBUG o.h.e.i.AbstractFlushingEventListener -
				Flushed: 0 (re)creations, 0 updates, 0 removals to 0 collections
2015-04-21_00:55:46.587 [main] DEBUG o.h.internal.util.EntityPrinter -
				Listing entities:
2015-04-21_00:55:46.587 [main] DEBUG o.h.internal.util.EntityPrinter -
				com.hibernate.model.Employee{id=20, insertTime=2015-04-20 00:16:50.0, name=Ajayta, role=Manager}
2015-04-21_00:55:46.587 [main] DEBUG o.h.internal.util.EntityPrinter -
				com.hibernate.model.Employee{id=19, insertTime=2015-04-20 00:16:04.0, name=Ashish, role=Developer}
2015-04-21_00:55:46.587 [main] DEBUG o.h.internal.util.EntityPrinter -
				com.hibernate.model.Employee{id=1, insertTime=2015-04-20 00:13:53.0, name=Pankaj, role=CEO}
2015-04-21_00:55:46.588 [main] DEBUG o.h.e.t.i.jdbc.JdbcTransaction -
				committed JDBC Connection
2015-04-21_00:55:46.589 [main] DEBUG o.h.e.j.i.LogicalConnectionImpl -
				Releasing JDBC connection
2015-04-21_00:55:46.589 [main] DEBUG o.h.e.j.i.LogicalConnectionImpl -
				Released JDBC connection
2015-04-21_00:55:46.591 [main] DEBUG o.h.internal.SessionFactoryImpl -
				HHH000031: Closing
2015-04-21_00:55:46.591 [main] INFO  com.jolbox.bonecp.BoneCP -
				Shutting down connection pool...
2015-04-21_00:55:46.593 [main] INFO  com.jolbox.bonecp.BoneCP -
				Unregistering driver.
2015-04-21_00:55:46.594 [main] INFO  com.jolbox.bonecp.BoneCP -
				Connection pool has been shutdown.
2015-04-21_00:55:46.594 [main] INFO  c.h.main.HibernateDBCPExample -
				DONE
